#
# A fatal error has been detected by the Java Runtime Environment:
#
#  Internal Error (javaClasses.cpp:129), pid=3349, tid=139704053450496
#  fatal error: Invalid layout of preloaded class
#
# JRE version: 7.0_09-b30
# Java VM: OpenJDK 64-Bit Server VM (23.2-b09 mixed mode linux-amd64 compressed oops)
# Failed to write core dump. Core dumps have been disabled. To enable core dumping, try "ulimit -c unlimited" before starting Java again
#
# If you would like to submit a bug report, please include
# instructions on how to reproduce the bug and visit:
#   http://icedtea.classpath.org/bugzilla
#

---------------  T H R E A D  ---------------

Current thread (0x00007f0f5c007800):  JavaThread "Unknown thread" [_thread_in_vm, id=3355, stack(0x00007f0f626ac000,0x00007f0f627ad000)]

Stack: [0x00007f0f626ac000,0x00007f0f627ad000],  sp=0x00007f0f627ab9e0,  free space=1022k
Native frames: (J=compiled Java code, j=interpreted, Vv=VM code, C=native code)
V  [libjvm.so+0x858afb]  JVM_handle_linux_signal+0x154e1b
V  [libjvm.so+0x3ee977]  dlerror+0x3ee977
V  [libjvm.so+0x52c63a]  AsyncGetCallTrace+0xd26ba
V  [libjvm.so+0x52c746]  AsyncGetCallTrace+0xd27c6
V  [libjvm.so+0x7e53bd]  JVM_handle_linux_signal+0xe16dd
V  [libjvm.so+0x832468]  JVM_handle_linux_signal+0x12e788
V  [libjvm.so+0x83291f]  JVM_handle_linux_signal+0x12ec3f
V  [libjvm.so+0x4e0fda]  AsyncGetCallTrace+0x8705a
V  [libjvm.so+0x815e3c]  JVM_handle_linux_signal+0x11215c
V  [libjvm.so+0x5492a8]  JNI_CreateJavaVM+0x58
C  [libjli.so+0x27b4]  getenv+0x27b4


---------------  P R O C E S S  ---------------

Java Threads: ( => current thread )

Other Threads:

=>0x00007f0f5c007800 (exited) JavaThread "Unknown thread" [_thread_in_vm, id=3355, stack(0x00007f0f626ac000,0x00007f0f627ad000)]

VM state:not at safepoint (not fully initialized)

VM Mutex/Monitor currently owned by a thread: None

GC Heap History (0 events):
No events

Deoptimization events (0 events):
No events

Internal exceptions (0 events):
No events

Events (10 events):
Event: 0.006 loading class 0x00007f0f5c025020
Event: 0.006 loading class 0x00007f0f5c025020 done
Event: 0.006 loading class 0x00007f0f5c025080
Event: 0.006 loading class 0x00007f0f5c0257e0
Event: 0.006 loading class 0x00007f0f5c0257e0 done
Event: 0.006 loading class 0x00007f0f5c04f080
Event: 0.006 loading class 0x00007f0f5c04f080 done
Event: 0.006 loading class 0x00007f0f5c025080 done
Event: 0.006 loading class 0x00007f0f5c025050
Event: 0.007 loading class 0x00007f0f5c025050 done


Dynamic libraries:
00400000-00401000 r-xp 00000000 08:03 1063270                            /usr/lib/jvm/java-7-openjdk/jre/bin/java
00600000-00601000 rw-p 00000000 08:03 1063270                            /usr/lib/jvm/java-7-openjdk/jre/bin/java
0091b000-0093c000 rw-p 00000000 00:00 0                                  [heap]
cc000000-cd4c0000 rw-p 00000000 00:00 0 
cd4c0000-d6600000 rw-p 00000000 00:00 0 
d6600000-d7ae0000 rw-p 00000000 00:00 0 
d7ae0000-f2200000 rw-p 00000000 00:00 0 
f2200000-f2c60000 rw-p 00000000 00:00 0 
f2c60000-100000000 rw-p 00000000 00:00 0 
7f0f4c000000-7f0f4c021000 rw-p 00000000 00:00 0 
7f0f4c021000-7f0f50000000 ---p 00000000 00:00 0 
7f0f52600000-7f0f54000000 rw-p 00000000 00:00 0 
7f0f54000000-7f0f54021000 rw-p 00000000 00:00 0 
7f0f54021000-7f0f58000000 ---p 00000000 00:00 0 
7f0f59000000-7f0f59270000 rwxp 00000000 00:00 0 
7f0f59270000-7f0f5c05a000 rw-p 00000000 00:00 0 
7f0f5c05a000-7f0f60000000 ---p 00000000 00:00 0 
7f0f611df000-7f0f6185f000 rw-p 00000000 00:00 0 
7f0f6185f000-7f0f61860000 ---p 00000000 00:00 0 
7f0f61860000-7f0f61960000 rw-p 00000000 00:00 0                          [stack:3357]
7f0f61960000-7f0f61961000 ---p 00000000 00:00 0 
7f0f61961000-7f0f61a6c000 rw-p 00000000 00:00 0                          [stack:3356]
7f0f61a6c000-7f0f61ab4000 rw-p 00000000 00:00 0 
7f0f61ab4000-7f0f61abf000 rw-p 00000000 00:00 0 
7f0f61abf000-7f0f61b07000 rw-p 00000000 00:00 0 
7f0f61b07000-7f0f61b12000 rw-p 00000000 00:00 0 
7f0f61b12000-7f0f61be5000 rw-p 00000000 00:00 0 
7f0f61be5000-7f0f61beb000 rw-p 00000000 00:00 0 
7f0f61beb000-7f0f61c54000 rw-p 00000000 00:00 0 
7f0f61c54000-7f0f61c55000 rw-p 00000000 00:00 0 
7f0f61c55000-7f0f61c5d000 r-xp 00000000 08:03 1052855                    /usr/lib/jvm/java-7-openjdk/jre/lib/amd64/libzip.so
7f0f61c5d000-7f0f61e5c000 ---p 00008000 08:03 1052855                    /usr/lib/jvm/java-7-openjdk/jre/lib/amd64/libzip.so
7f0f61e5c000-7f0f61e5d000 rw-p 00007000 08:03 1052855                    /usr/lib/jvm/java-7-openjdk/jre/lib/amd64/libzip.so
7f0f61e5d000-7f0f61e69000 r-xp 00000000 08:03 1010961                    /usr/lib/libnss_files-2.17.so
7f0f61e69000-7f0f62068000 ---p 0000c000 08:03 1010961                    /usr/lib/libnss_files-2.17.so
7f0f62068000-7f0f62069000 r--p 0000b000 08:03 1010961                    /usr/lib/libnss_files-2.17.so
7f0f62069000-7f0f6206a000 rw-p 0000c000 08:03 1010961                    /usr/lib/libnss_files-2.17.so
7f0f6206a000-7f0f62094000 r-xp 00000000 08:03 1052865                    /usr/lib/jvm/java-7-openjdk/jre/lib/amd64/libjava.so
7f0f62094000-7f0f62294000 ---p 0002a000 08:03 1052865                    /usr/lib/jvm/java-7-openjdk/jre/lib/amd64/libjava.so
7f0f62294000-7f0f62296000 rw-p 0002a000 08:03 1052865                    /usr/lib/jvm/java-7-openjdk/jre/lib/amd64/libjava.so
7f0f62296000-7f0f622a3000 r-xp 00000000 08:03 1052852                    /usr/lib/jvm/java-7-openjdk/jre/lib/amd64/libverify.so
7f0f622a3000-7f0f624a2000 ---p 0000d000 08:03 1052852                    /usr/lib/jvm/java-7-openjdk/jre/lib/amd64/libverify.so
7f0f624a2000-7f0f624a4000 rw-p 0000c000 08:03 1052852                    /usr/lib/jvm/java-7-openjdk/jre/lib/amd64/libverify.so
7f0f624a4000-7f0f624ab000 r-xp 00000000 08:03 1010942                    /usr/lib/librt-2.17.so
7f0f624ab000-7f0f626aa000 ---p 00007000 08:03 1010942                    /usr/lib/librt-2.17.so
7f0f626aa000-7f0f626ab000 r--p 00006000 08:03 1010942                    /usr/lib/librt-2.17.so
7f0f626ab000-7f0f626ac000 rw-p 00007000 08:03 1010942                    /usr/lib/librt-2.17.so
7f0f626ac000-7f0f626af000 ---p 00000000 00:00 0 
7f0f626af000-7f0f627ad000 rw-p 00000000 00:00 0                          [stack:3355]
7f0f627ad000-7f0f627c2000 r-xp 00000000 08:03 925259                     /usr/lib/libgcc_s.so.1
7f0f627c2000-7f0f629c1000 ---p 00015000 08:03 925259                     /usr/lib/libgcc_s.so.1
7f0f629c1000-7f0f629c2000 rw-p 00014000 08:03 925259                     /usr/lib/libgcc_s.so.1
7f0f629c2000-7f0f62abf000 r-xp 00000000 08:03 1010959                    /usr/lib/libm-2.17.so
7f0f62abf000-7f0f62cbe000 ---p 000fd000 08:03 1010959                    /usr/lib/libm-2.17.so
7f0f62cbe000-7f0f62cbf000 r--p 000fc000 08:03 1010959                    /usr/lib/libm-2.17.so
7f0f62cbf000-7f0f62cc0000 rw-p 000fd000 08:03 1010959                    /usr/lib/libm-2.17.so
7f0f62cc0000-7f0f62da5000 r-xp 00000000 08:03 919892                     /usr/lib/libstdc++.so.6.0.17
7f0f62da5000-7f0f62fa4000 ---p 000e5000 08:03 919892                     /usr/lib/libstdc++.so.6.0.17
7f0f62fa4000-7f0f62fac000 r--p 000e4000 08:03 919892                     /usr/lib/libstdc++.so.6.0.17
7f0f62fac000-7f0f62fae000 rw-p 000ec000 08:03 919892                     /usr/lib/libstdc++.so.6.0.17
7f0f62fae000-7f0f62fc3000 rw-p 00000000 00:00 0 
7f0f62fe8000-7f0f639e3000 r-xp 00000000 08:03 1052877                    /usr/lib/jvm/java-7-openjdk/jre/lib/amd64/server/libjvm.so
7f0f639e3000-7f0f63be2000 ---p 009fb000 08:03 1052877                    /usr/lib/jvm/java-7-openjdk/jre/lib/amd64/server/libjvm.so
7f0f63be2000-7f0f63c83000 rw-p 009fa000 08:03 1052877                    /usr/lib/jvm/java-7-openjdk/jre/lib/amd64/server/libjvm.so
7f0f63c83000-7f0f63cae000 rw-p 00000000 00:00 0 
7f0f63cae000-7f0f63e52000 r-xp 00000000 08:03 1010914                    /usr/lib/libc-2.17.so
7f0f63e52000-7f0f64051000 ---p 001a4000 08:03 1010914                    /usr/lib/libc-2.17.so
7f0f64051000-7f0f64055000 r--p 001a3000 08:03 1010914                    /usr/lib/libc-2.17.so
7f0f64055000-7f0f64057000 rw-p 001a7000 08:03 1010914                    /usr/lib/libc-2.17.so
7f0f64057000-7f0f6405b000 rw-p 00000000 00:00 0 
7f0f6405b000-7f0f6405e000 r-xp 00000000 08:03 1010937                    /usr/lib/libdl-2.17.so
7f0f6405e000-7f0f6425d000 ---p 00003000 08:03 1010937                    /usr/lib/libdl-2.17.so
7f0f6425d000-7f0f6425e000 r--p 00002000 08:03 1010937                    /usr/lib/libdl-2.17.so
7f0f6425e000-7f0f6425f000 rw-p 00003000 08:03 1010937                    /usr/lib/libdl-2.17.so
7f0f6425f000-7f0f64274000 r-xp 00000000 08:03 922110                     /usr/lib/libz.so.1.2.7
7f0f64274000-7f0f64473000 ---p 00015000 08:03 922110                     /usr/lib/libz.so.1.2.7
7f0f64473000-7f0f64474000 r--p 00014000 08:03 922110                     /usr/lib/libz.so.1.2.7
7f0f64474000-7f0f64475000 rw-p 00015000 08:03 922110                     /usr/lib/libz.so.1.2.7
7f0f64475000-7f0f64481000 r-xp 00000000 08:03 1052880                    /usr/lib/jvm/java-7-openjdk/jre/lib/amd64/jli/libjli.so
7f0f64481000-7f0f64681000 ---p 0000c000 08:03 1052880                    /usr/lib/jvm/java-7-openjdk/jre/lib/amd64/jli/libjli.so
7f0f64681000-7f0f64682000 rw-p 0000c000 08:03 1052880                    /usr/lib/jvm/java-7-openjdk/jre/lib/amd64/jli/libjli.so
7f0f64682000-7f0f64699000 r-xp 00000000 08:03 1010933                    /usr/lib/libpthread-2.17.so
7f0f64699000-7f0f64898000 ---p 00017000 08:03 1010933                    /usr/lib/libpthread-2.17.so
7f0f64898000-7f0f64899000 r--p 00016000 08:03 1010933                    /usr/lib/libpthread-2.17.so
7f0f64899000-7f0f6489a000 rw-p 00017000 08:03 1010933                    /usr/lib/libpthread-2.17.so
7f0f6489a000-7f0f6489e000 rw-p 00000000 00:00 0 
7f0f6489e000-7f0f648bf000 r-xp 00000000 08:03 1010921                    /usr/lib/ld-2.17.so
7f0f648c7000-7f0f648fa000 rw-p 00000000 00:00 0 
7f0f648fa000-7f0f649cd000 rw-p 00000000 00:00 0 
7f0f649cd000-7f0f649d7000 rw-p 00000000 00:00 0 
7f0f649d7000-7f0f64a8d000 rw-p 00000000 00:00 0 
7f0f64a8d000-7f0f64a95000 rw-s 00000000 00:1b 331272                     /tmp/hsperfdata_phoenox/3349
7f0f64a95000-7f0f64a99000 rw-p 00000000 00:00 0 
7f0f64aaa000-7f0f64aac000 rw-p 00000000 00:00 0 
7f0f64aac000-7f0f64abc000 r--s 000bf000 08:03 279494                     /opt/lejos-nxj/lib/nxt/classes.jar
7f0f64abc000-7f0f64abd000 rw-p 00000000 00:00 0 
7f0f64abd000-7f0f64abe000 r--p 00000000 00:00 0 
7f0f64abe000-7f0f64abf000 rw-p 00000000 00:00 0 
7f0f64abf000-7f0f64ac0000 r--p 00021000 08:03 1010921                    /usr/lib/ld-2.17.so
7f0f64ac0000-7f0f64ac1000 rw-p 00022000 08:03 1010921                    /usr/lib/ld-2.17.so
7f0f64ac1000-7f0f64ac2000 rw-p 00000000 00:00 0 
7ffff3d92000-7ffff3db3000 rw-p 00000000 00:00 0                          [stack]
7ffff3dff000-7ffff3e00000 r-xp 00000000 00:00 0                          [vdso]
ffffffffff600000-ffffffffff601000 r-xp 00000000 00:00 0                  [vsyscall]

VM Arguments:
jvm_args: -Dfile.encoding=UTF-8 -Xbootclasspath:/opt/lejos-nxj/lib/nxt/classes.jar 
java_command: common.MainControl
Launcher Type: SUN_STANDARD

Environment Variables:
JAVA_HOME=/usr/lib/jvm/java-7-openjdk
PATH=/home/phoenox/bin:/usr/local/bin:/usr/bin:/bin:/usr/local/sbin:/usr/sbin:/sbin:/usr/bin/vendor_perl:/usr/bin/core_perl
SHELL=/bin/bash
DISPLAY=:0.0

Signal Handlers:
SIGSEGV: [libjvm.so+0x8595d0], sa_mask[0]=0x7ffbfeff, sa_flags=0x10000004
SIGBUS: [libjvm.so+0x8595d0], sa_mask[0]=0x7ffbfeff, sa_flags=0x10000004
SIGFPE: [libjvm.so+0x6f9e80], sa_mask[0]=0x7ffbfeff, sa_flags=0x10000004
SIGPIPE: [libjvm.so+0x6f9e80], sa_mask[0]=0x7ffbfeff, sa_flags=0x10000004
SIGXFSZ: [libjvm.so+0x6f9e80], sa_mask[0]=0x7ffbfeff, sa_flags=0x10000004
SIGILL: [libjvm.so+0x6f9e80], sa_mask[0]=0x7ffbfeff, sa_flags=0x10000004
SIGUSR1: SIG_DFL, sa_mask[0]=0x00000000, sa_flags=0x00000000
SIGUSR2: [libjvm.so+0x6fa0d0], sa_mask[0]=0x00000004, sa_flags=0x10000004
SIGHUP: SIG_DFL, sa_mask[0]=0x00000000, sa_flags=0x00000000
SIGINT: SIG_DFL, sa_mask[0]=0x00000000, sa_flags=0x00000000
SIGTERM: SIG_DFL, sa_mask[0]=0x00000000, sa_flags=0x00000000
SIGQUIT: SIG_DFL, sa_mask[0]=0x00000000, sa_flags=0x00000000


---------------  S Y S T E M  ---------------

OS:Linux
uname:Linux 3.7.3-1-ARCH #1 SMP PREEMPT Thu Jan 17 18:52:30 CET 2013 x86_64
libc:glibc 2.17 NPTL 2.17 
rlimit: STACK 8192k, CORE 0k, NPROC 15939, NOFILE 4096, AS infinity
load average:0.31 0.29 0.28

/proc/meminfo:
MemTotal:        2045592 kB
MemFree:          127344 kB
Buffers:           76544 kB
Cached:           832348 kB
SwapCached:          252 kB
Active:           997296 kB
Inactive:         801920 kB
Active(anon):     612372 kB
Inactive(anon):   393996 kB
Active(file):     384924 kB
Inactive(file):   407924 kB
Unevictable:           0 kB
Mlocked:               0 kB
SwapTotal:        265068 kB
SwapFree:         252752 kB
Dirty:               108 kB
Writeback:             0 kB
AnonPages:        890212 kB
Mapped:           130100 kB
Shmem:            115952 kB
Slab:              66048 kB
SReclaimable:      52564 kB
SUnreclaim:        13484 kB
KernelStack:        2248 kB
PageTables:        12412 kB
NFS_Unstable:          0 kB
Bounce:                0 kB
WritebackTmp:          0 kB
CommitLimit:     1287864 kB
Committed_AS:    2487684 kB
VmallocTotal:   34359738367 kB
VmallocUsed:      548020 kB
VmallocChunk:   34359178235 kB
HardwareCorrupted:     0 kB
AnonHugePages:    348160 kB
HugePages_Total:       0
HugePages_Free:        0
HugePages_Rsvd:        0
HugePages_Surp:        0
Hugepagesize:       2048 kB
DirectMap4k:       13120 kB
DirectMap2M:     2074624 kB


CPU:total 2 (2 cores per cpu, 1 threads per core) family 6 model 23 stepping 6, cmov, cx8, fxsr, mmx, sse, sse2, sse3, ssse3, sse4.1, tsc

/proc/cpuinfo:
processor	: 0
vendor_id	: GenuineIntel
cpu family	: 6
model		: 23
model name	: Intel(R) Core(TM)2 Duo CPU     T8100  @ 2.10GHz
stepping	: 6
microcode	: 0x60c
cpu MHz		: 800.000
cache size	: 3072 KB
physical id	: 0
siblings	: 2
core id		: 0
cpu cores	: 2
apicid		: 0
initial apicid	: 0
fpu		: yes
fpu_exception	: yes
cpuid level	: 10
wp		: yes
flags		: fpu vme de pse tsc msr pae mce cx8 apic sep mtrr pge mca cmov pat pse36 clflush dts acpi mmx fxsr sse sse2 ss ht tm pbe syscall nx lm constant_tsc arch_perfmon pebs bts rep_good nopl aperfmperf pni dtes64 monitor ds_cpl vmx est tm2 ssse3 cx16 xtpr pdcm sse4_1 lahf_lm ida dtherm tpr_shadow vnmi flexpriority
bogomips	: 4191.40
clflush size	: 64
cache_alignment	: 64
address sizes	: 36 bits physical, 48 bits virtual
power management:

processor	: 1
vendor_id	: GenuineIntel
cpu family	: 6
model		: 23
model name	: Intel(R) Core(TM)2 Duo CPU     T8100  @ 2.10GHz
stepping	: 6
microcode	: 0x60c
cpu MHz		: 2101.000
cache size	: 3072 KB
physical id	: 0
siblings	: 2
core id		: 1
cpu cores	: 2
apicid		: 1
initial apicid	: 1
fpu		: yes
fpu_exception	: yes
cpuid level	: 10
wp		: yes
flags		: fpu vme de pse tsc msr pae mce cx8 apic sep mtrr pge mca cmov pat pse36 clflush dts acpi mmx fxsr sse sse2 ss ht tm pbe syscall nx lm constant_tsc arch_perfmon pebs bts rep_good nopl aperfmperf pni dtes64 monitor ds_cpl vmx est tm2 ssse3 cx16 xtpr pdcm sse4_1 lahf_lm ida dtherm tpr_shadow vnmi flexpriority
bogomips	: 4191.40
clflush size	: 64
cache_alignment	: 64
address sizes	: 36 bits physical, 48 bits virtual
power management:



Memory: 4k page, physical 2045592k(127344k free), swap 265068k(252752k free)

vm_info: OpenJDK 64-Bit Server VM (23.2-b09) for linux-amd64 JRE (1.7.0_09-b30), built on Jan 15 2013 18:22:02 by "nobody" with gcc 4.7.2

time: Thu Jan 24 00:50:03 2013
elapsed time: 0 seconds

